mmap(NULL, 8192, PROT_READ|PROT_WRITE, MAP_PRIVATE|MAP_ANONYMOUS, -1, 0) = 0x7fe0082bf000
openat(AT_FDCWD, "/etc/ld.so.cache", O_RDONLY|O_CLOEXEC) = 3
mmap(NULL, 55371, PROT_READ, MAP_PRIVATE, 3, 0) = 0x7fe0082b1000
openat(AT_FDCWD, "/lib/x86_64-linux-gnu/libc.so.6", O_RDONLY|O_CLOEXEC) = 3
read(3, "\177ELF\2\1\1\3\0\0\0\0\0\0\0\0\3\0>\0\1\0\0\0P\237\2\0\0\0\0\0"..., 832) = 832
mmap(NULL, 2260560, PROT_READ, MAP_PRIVATE|MAP_DENYWRITE, 3, 0) = 0x7fe008000000
mmap(0x7fe008028000, 1658880, PROT_READ|PROT_EXEC, MAP_PRIVATE|MAP_FIXED|MAP_DENYWRITE, 3, 0x28000) = 0x7fe008028000
mmap(0x7fe0081bd000, 360448, PROT_READ, MAP_PRIVATE|MAP_FIXED|MAP_DENYWRITE, 3, 0x1bd000) = 0x7fe0081bd000
mmap(0x7fe008215000, 24576, PROT_READ|PROT_WRITE, MAP_PRIVATE|MAP_FIXED|MAP_DENYWRITE, 3, 0x214000) = 0x7fe008215000
mmap(0x7fe00821b000, 52816, PROT_READ|PROT_WRITE, MAP_PRIVATE|MAP_FIXED|MAP_ANONYMOUS, -1, 0) = 0x7fe00821b000
mmap(NULL, 12288, PROT_READ|PROT_WRITE, MAP_PRIVATE|MAP_ANONYMOUS, -1, 0) = 0x7fe0082ae000
openat(AT_FDCWD, "REQ_PIPE_90958", O_RDONLY) = 3
openat(AT_FDCWD, "RESP_PIPE_90958", O_WRONLY) = 4
read(3, "C", 1)                         = 1
read(3, "R", 1)                         = 1
read(3, "E", 1)                         = 1
read(3, "A", 1)                         = 1
read(3, "T", 1)                         = 1
read(3, "E", 1)                         = 1
read(3, "_", 1)                         = 1
read(3, "S", 1)                         = 1
read(3, "H", 1)                         = 1
read(3, "M", 1)                         = 1
read(3, "#", 1)                         = 1
read(3, "L\241C\0", 4)                  = 4
openat(AT_FDCWD, "/dev/shm/yfjm11bg", O_RDWR|O_CREAT|O_NOFOLLOW|O_CLOEXEC, 0644) = 5
mmap(NULL, 4432204, PROT_READ|PROT_WRITE, MAP_SHARED, 5, 0) = 0x7fe007bc5000
read(3, "M", 1)                         = 1
read(3, "A", 1)                         = 1
read(3, "P", 1)                         = 1
read(3, "_", 1)                         = 1
read(3, "F", 1)                         = 1
read(3, "I", 1)                         = 1
read(3, "L", 1)                         = 1
read(3, "E", 1)                         = 1
read(3, "#", 1)                         = 1
read(3, "t", 1)                         = 1
read(3, "e", 1)                         = 1
read(3, "s", 1)                         = 1
read(3, "t", 1)                         = 1
read(3, "_", 1)                         = 1
read(3, "r", 1)                         = 1
read(3, "o", 1)                         = 1
read(3, "o", 1)                         = 1
read(3, "t", 1)                         = 1
read(3, "/", 1)                         = 1
read(3, "r", 1)                         = 1
read(3, "Z", 1)                         = 1
read(3, "R", 1)                         = 1
read(3, "P", 1)                         = 1
read(3, "d", 1)                         = 1
read(3, "r", 1)                         = 1
read(3, "b", 1)                         = 1
read(3, "p", 1)                         = 1
read(3, "g", 1)                         = 1
read(3, "T", 1)                         = 1
read(3, ".", 1)                         = 1
read(3, "D", 1)                         = 1
read(3, "W", 1)                         = 1
read(3, "B", 1)                         = 1
read(3, "#", 1)                         = 1
openat(AT_FDCWD, "test_root/rZRPdrbpgT.DWB#", O_RDONLY) = -1 ENOENT (No such file or directory)
mmap(NULL, 4294967295, PROT_READ, MAP_SHARED, -1, 0) = -1 EBADF (Bad file descriptor)
read(3, "E", 1)                         = 1
read(3, "X", 1)                         = 1
read(3, "I", 1)                         = 1
read(3, "T", 1)                         = 1
read(3, "#", 1)                         = 1
+++ exited with 0 +++
